[2017-08-24 20:26:45,492] {run.py:3} DEBUG - Starting Shopping List application...

[2017-08-24 20:26:45,820] {run.py:3} DEBUG - Starting Shopping List application...

[2017-08-24 20:27:18,223] {/root/Projects/andela/shoppinglist/app/views.py:25} DEBUG - Index: POST data ImmutableMultiDict([('username', u'kasulani@gmail.com'), ('password', u'king123')])
[2017-08-24 20:27:18,517] {/root/Projects/andela/shoppinglist/app/views.py:40} DEBUG - API response: {u'status': u'fail', u'message': u"wrong password or username or may be user does't exist"}
[2017-08-24 20:27:33,710] {/root/Projects/andela/shoppinglist/app/views.py:25} DEBUG - Index: POST data ImmutableMultiDict([('username', u'kasulani@gmail.com'), ('password', u'king1234')])
[2017-08-24 20:27:40,440] {/root/Projects/andela/shoppinglist/app/views.py:97} DEBUG - Authorization Header: {'Authorization': 'Bearer eyJhbGciOiJIUzI1NiIsInR5cCI6IkpXVCJ9.eyJpYXQiOjE1MDM1OTU2NTMsInN1YiI6MSwiZXhwIjoxNTAzNjMxNjUzfQ.RVGo2aL2jy6Q3GjmGmymJO42svlIISodh7E-zufwtvY'}
[2017-08-24 20:27:43,166] {/root/Projects/andela/shoppinglist/app/views.py:187} DEBUG - Items on List with id: 4
[2017-08-24 20:39:55,603] {run.py:3} DEBUG - Starting Shopping List application...

[2017-08-24 20:39:55,807] {run.py:3} DEBUG - Starting Shopping List application...

[2017-08-24 20:40:22,452] {/root/Projects/andela/shoppinglist/app/views.py:25} DEBUG - Index: POST data ImmutableMultiDict([('username', u'kasulani@gmail.com'), ('password', u'king1234')])
[2017-08-24 20:40:27,292] {/root/Projects/andela/shoppinglist/app/views.py:97} DEBUG - Authorization Header: {'Authorization': 'Bearer eyJhbGciOiJIUzI1NiIsInR5cCI6IkpXVCJ9.eyJpYXQiOjE1MDM1OTY0MjIsInN1YiI6MSwiZXhwIjoxNTAzNjMyNDIyfQ.bKKdGCwkiuud38ihFY6ZXpWsE231pbI0y8vhQ_OWlRQ'}
[2017-08-24 20:40:32,461] {/root/Projects/andela/shoppinglist/app/views.py:187} DEBUG - Items on List with id: 4
[2017-08-24 20:40:56,703] {/root/Projects/andela/shoppinglist/app/views.py:97} DEBUG - Authorization Header: {'Authorization': 'Bearer eyJhbGciOiJIUzI1NiIsInR5cCI6IkpXVCJ9.eyJpYXQiOjE1MDM1OTY0MjIsInN1YiI6MSwiZXhwIjoxNTAzNjMyNDIyfQ.bKKdGCwkiuud38ihFY6ZXpWsE231pbI0y8vhQ_OWlRQ'}
[2017-08-24 20:41:26,686] {/root/Projects/andela/shoppinglist/app/views.py:187} DEBUG - Items on List with id: 2
[2017-08-24 20:42:10,233] {/root/Projects/andela/shoppinglist/app/views.py:187} DEBUG - Items on List with id: 2
[2017-08-24 20:42:30,980] {/root/Projects/andela/shoppinglist/app/views.py:97} DEBUG - Authorization Header: {'Authorization': 'Bearer eyJhbGciOiJIUzI1NiIsInR5cCI6IkpXVCJ9.eyJpYXQiOjE1MDM1OTY0MjIsInN1YiI6MSwiZXhwIjoxNTAzNjMyNDIyfQ.bKKdGCwkiuud38ihFY6ZXpWsE231pbI0y8vhQ_OWlRQ'}
[2017-08-24 20:42:40,249] {/root/Projects/andela/shoppinglist/app/views.py:187} DEBUG - Items on List with id: 2
[2017-08-24 20:43:18,682] {/root/Projects/andela/shoppinglist/app/views.py:187} DEBUG - Items on List with id: 2
[2017-08-24 20:51:06,842] {run.py:3} DEBUG - Starting Shopping List application...

[2017-08-24 20:51:07,059] {run.py:3} DEBUG - Starting Shopping List application...

[2017-08-24 20:54:23,272] {run.py:3} DEBUG - Starting Shopping List application...

[2017-08-24 20:54:46,231] {/root/Projects/andela/shoppinglist/app/views.py:25} DEBUG - Index: POST data ImmutableMultiDict([('username', u'kasulani@gmail.com'), ('password', u'king1234')])
[2017-08-24 20:54:50,877] {/root/Projects/andela/shoppinglist/app/views.py:100} DEBUG - Authorization Header: {'Authorization': 'Bearer eyJhbGciOiJIUzI1NiIsInR5cCI6IkpXVCJ9.eyJpYXQiOjE1MDM1OTcyODYsInN1YiI6MSwiZXhwIjoxNTAzNjMzMjg2fQ.b4Uz72vc-LlETgOxqMFqy4Sf08HmyBH2uboM-5rRpiE'}
[2017-08-24 20:55:04,520] {/root/Projects/andela/shoppinglist/app/views.py:190} DEBUG - Items on List with id: 2
[2017-08-24 20:55:17,014] {/root/Projects/andela/shoppinglist/app/views.py:249} DEBUG - Deleting item with id: 7
[2017-08-24 20:55:17,069] {/root/Projects/andela/shoppinglist/app/views.py:256} DEBUG - API response: {u'status': u'item condoms has been deleted successfully'} 
[2017-08-24 20:55:17,077] {/root/Projects/andela/shoppinglist/app/views.py:100} DEBUG - Authorization Header: {'Authorization': 'Bearer eyJhbGciOiJIUzI1NiIsInR5cCI6IkpXVCJ9.eyJpYXQiOjE1MDM1OTcyODYsInN1YiI6MSwiZXhwIjoxNTAzNjMzMjg2fQ.b4Uz72vc-LlETgOxqMFqy4Sf08HmyBH2uboM-5rRpiE'}
[2017-08-24 20:55:26,114] {/root/Projects/andela/shoppinglist/app/views.py:190} DEBUG - Items on List with id: 2
[2017-08-24 20:56:01,476] {/root/Projects/andela/shoppinglist/app/views.py:219} DEBUG - Create List: POST data ImmutableMultiDict([('item_name', u'condoms'), ('description', u'rubber for you know'), ('list_id', u'2')])
[2017-08-24 20:56:01,476] {/root/Projects/andela/shoppinglist/app/views.py:228} DEBUG - data : {"name": "condoms", "description": "rubber for you know"} 
[2017-08-24 20:56:01,476] {/root/Projects/andela/shoppinglist/app/views.py:230} DEBUG - Calling endpoint: http://127.0.0.1:5000/shoppinglists/2/items 
[2017-08-24 20:56:01,688] {/root/Projects/andela/shoppinglist/app/views.py:233} DEBUG - API response: {u'item': u'condoms'} 
[2017-08-24 20:56:01,695] {/root/Projects/andela/shoppinglist/app/views.py:100} DEBUG - Authorization Header: {'Authorization': 'Bearer eyJhbGciOiJIUzI1NiIsInR5cCI6IkpXVCJ9.eyJpYXQiOjE1MDM1OTcyODYsInN1YiI6MSwiZXhwIjoxNTAzNjMzMjg2fQ.b4Uz72vc-LlETgOxqMFqy4Sf08HmyBH2uboM-5rRpiE'}
[2017-08-24 20:56:09,735] {/root/Projects/andela/shoppinglist/app/views.py:190} DEBUG - Items on List with id: 2
[2017-08-24 20:56:48,924] {/root/Projects/andela/shoppinglist/app/views.py:190} DEBUG - Items on List with id: 2
[2017-08-24 20:56:57,592] {/root/Projects/andela/shoppinglist/app/views.py:100} DEBUG - Authorization Header: {'Authorization': 'Bearer eyJhbGciOiJIUzI1NiIsInR5cCI6IkpXVCJ9.eyJpYXQiOjE1MDM1OTcyODYsInN1YiI6MSwiZXhwIjoxNTAzNjMzMjg2fQ.b4Uz72vc-LlETgOxqMFqy4Sf08HmyBH2uboM-5rRpiE'}
[2017-08-24 20:57:28,076] {/root/Projects/andela/shoppinglist/app/views.py:100} DEBUG - Authorization Header: {'Authorization': 'Bearer eyJhbGciOiJIUzI1NiIsInR5cCI6IkpXVCJ9.eyJpYXQiOjE1MDM1OTcyODYsInN1YiI6MSwiZXhwIjoxNTAzNjMzMjg2fQ.b4Uz72vc-LlETgOxqMFqy4Sf08HmyBH2uboM-5rRpiE'}
[2017-08-24 21:01:59,442] {/root/Projects/andela/shoppinglist/app/views.py:190} DEBUG - Items on List with id: 2
[2017-08-24 21:02:38,820] {/root/Projects/andela/shoppinglist/app/views.py:100} DEBUG - Authorization Header: {'Authorization': 'Bearer eyJhbGciOiJIUzI1NiIsInR5cCI6IkpXVCJ9.eyJpYXQiOjE1MDM1OTcyODYsInN1YiI6MSwiZXhwIjoxNTAzNjMzMjg2fQ.b4Uz72vc-LlETgOxqMFqy4Sf08HmyBH2uboM-5rRpiE'}
[2017-08-24 21:05:38,303] {/root/Projects/andela/shoppinglist/app/views.py:100} DEBUG - Authorization Header: {'Authorization': 'Bearer eyJhbGciOiJIUzI1NiIsInR5cCI6IkpXVCJ9.eyJpYXQiOjE1MDM1OTcyODYsInN1YiI6MSwiZXhwIjoxNTAzNjMzMjg2fQ.b4Uz72vc-LlETgOxqMFqy4Sf08HmyBH2uboM-5rRpiE'}
[2017-08-24 21:07:11,659] {/root/Projects/andela/shoppinglist/app/views.py:100} DEBUG - Authorization Header: {'Authorization': 'Bearer eyJhbGciOiJIUzI1NiIsInR5cCI6IkpXVCJ9.eyJpYXQiOjE1MDM1OTcyODYsInN1YiI6MSwiZXhwIjoxNTAzNjMzMjg2fQ.b4Uz72vc-LlETgOxqMFqy4Sf08HmyBH2uboM-5rRpiE'}
[2017-08-24 21:12:32,027] {run.py:3} DEBUG - Starting Shopping List application...

[2017-08-24 21:12:32,225] {run.py:3} DEBUG - Starting Shopping List application...

[2017-08-24 21:12:47,370] {/root/Projects/andela/shoppinglist/app/views.py:25} DEBUG - Index: POST data ImmutableMultiDict([('username', u'kasulani@gmail.com'), ('password', u'king1234')])
[2017-08-24 21:12:52,277] {/root/Projects/andela/shoppinglist/app/views.py:100} DEBUG - Authorization Header: {'Authorization': 'Bearer eyJhbGciOiJIUzI1NiIsInR5cCI6IkpXVCJ9.eyJpYXQiOjE1MDM1OTgzNjcsInN1YiI6MSwiZXhwIjoxNTAzNjM0MzY3fQ.VooKtlI8tY3FyEn1h6nx2Oo_KzdR28Ip1VbLs7ERdY4'}
[2017-08-24 21:13:30,842] {/root/Projects/andela/shoppinglist/app/views.py:124} DEBUG - Create List: POST data ImmutableMultiDict([('description', u'my camping list'), ('title', u'camping')])
[2017-08-24 21:13:30,842] {/root/Projects/andela/shoppinglist/app/views.py:133} DEBUG - data : {"description": "my camping list", "title": "camping"} 
[2017-08-24 21:13:30,987] {/root/Projects/andela/shoppinglist/app/views.py:136} DEBUG - API response: {u'status': u'pass', u'message': u'list created successfully', u'user_id': 1, u'title': u'camping'} 
[2017-08-24 21:13:30,995] {/root/Projects/andela/shoppinglist/app/views.py:100} DEBUG - Authorization Header: {'Authorization': 'Bearer eyJhbGciOiJIUzI1NiIsInR5cCI6IkpXVCJ9.eyJpYXQiOjE1MDM1OTgzNjcsInN1YiI6MSwiZXhwIjoxNTAzNjM0MzY3fQ.VooKtlI8tY3FyEn1h6nx2Oo_KzdR28Ip1VbLs7ERdY4'}
